<?xml version="1.0" encoding="UTF-8" standalone="no"?>
<testsuite errors="0" failures="5" name="io.cucumber.core.plugin.JUnitFormatter" skipped="0" tests="12" time="182.184">
    <testcase classname="US1004_amazon_search_senerio_outline" name="TC08_her_url'e_gitmeli" time="18.559">
        <system-out>
            <![CDATA[When kullanici "amazon_url" anasayfaya gider................................passed
Then "amazon_url" de oldugunu test eder.....................................passed
And kullanici sayfayi kapatir...............................................passed
]]>
        </system-out>
    </testcase>
    <testcase classname="US1004_amazon_search_senerio_outline" name="TC08_her_url'e_gitmeli_2" time="14.161">
        <system-out>
            <![CDATA[When kullanici "bestbuy_url" anasayfaya gider...............................passed
Then "bestbuy_url" de oldugunu test eder....................................passed
And kullanici sayfayi kapatir...............................................passed
]]>
        </system-out>
    </testcase>
    <testcase classname="US1004_amazon_search_senerio_outline" name="TC08_her_url'e_gitmeli_3" time="17.117">
        <system-out>
            <![CDATA[When kullanici "walmart_url" anasayfaya gider...............................passed
Then "walmart_url" de oldugunu test eder....................................passed
And kullanici sayfayi kapatir...............................................passed
]]>
        </system-out>
    </testcase>
    <testcase classname="US1004_amazon_search_senerio_outline" name="TC08_her_url'e_gitmeli_4" time="6.345">
        <failure message="null value in entry: url=null" type="java.lang.NullPointerException">
            <![CDATA[When kullanici "<istenenUrl>" anasayfaya gider..............................failed
Then "<istenenUrl>" de oldugunu test eder...................................skipped
And kullanici sayfayi kapatir...............................................skipped

StackTrace:
java.lang.NullPointerException: null value in entry: url=null
	at com.google.common.collect.CollectPreconditions.checkEntryNotNull(CollectPreconditions.java:32)
	at com.google.common.collect.SingletonImmutableBiMap.<init>(SingletonImmutableBiMap.java:42)
	at com.google.common.collect.ImmutableBiMap.of(ImmutableBiMap.java:72)
	at com.google.common.collect.ImmutableMap.of(ImmutableMap.java:124)
	at org.openqa.selenium.remote.RemoteWebDriver.get(RemoteWebDriver.java:277)
	at stepdefinitions.BestbuyStepDefinitions.kullanici_anasayfaya_gider(BestbuyStepDefinitions.java:14)
	at ✽.kullanici "<istenenUrl>" anasayfaya gider(file:///C:/Users/arcav/mycucumberframework/src/test/resources/features/US1004_amazon_search_senerio_outline.feature:6)
]]>
        </failure>
    </testcase>
    <testcase classname="US1004_amazon_search_senerio_outline" name="TC08_her_url'e_gitmeli_5" time="6.287">
        <failure message="null value in entry: url=null" type="java.lang.NullPointerException">
            <![CDATA[When kullanici "<istenenUrl>" anasayfaya gider..............................failed
Then "<istenenUrl>" de oldugunu test eder...................................skipped
And kullanici sayfayi kapatir...............................................skipped

StackTrace:
java.lang.NullPointerException: null value in entry: url=null
	at com.google.common.collect.CollectPreconditions.checkEntryNotNull(CollectPreconditions.java:32)
	at com.google.common.collect.SingletonImmutableBiMap.<init>(SingletonImmutableBiMap.java:42)
	at com.google.common.collect.ImmutableBiMap.of(ImmutableBiMap.java:72)
	at com.google.common.collect.ImmutableMap.of(ImmutableMap.java:124)
	at org.openqa.selenium.remote.RemoteWebDriver.get(RemoteWebDriver.java:277)
	at stepdefinitions.BestbuyStepDefinitions.kullanici_anasayfaya_gider(BestbuyStepDefinitions.java:14)
	at ✽.kullanici "<istenenUrl>" anasayfaya gider(file:///C:/Users/arcav/mycucumberframework/src/test/resources/features/US1004_amazon_search_senerio_outline.feature:6)
]]>
        </failure>
    </testcase>
    <testcase classname="US1004_amazon_search_senerio_outline" name="TC08_her_url'e_gitmeli_6" time="6.752">
        <failure message="null value in entry: url=null" type="java.lang.NullPointerException">
            <![CDATA[When kullanici "<istenenUrl>" anasayfaya gider..............................failed
Then "<istenenUrl>" de oldugunu test eder...................................skipped
And kullanici sayfayi kapatir...............................................skipped

StackTrace:
java.lang.NullPointerException: null value in entry: url=null
	at com.google.common.collect.CollectPreconditions.checkEntryNotNull(CollectPreconditions.java:32)
	at com.google.common.collect.SingletonImmutableBiMap.<init>(SingletonImmutableBiMap.java:42)
	at com.google.common.collect.ImmutableBiMap.of(ImmutableBiMap.java:72)
	at com.google.common.collect.ImmutableMap.of(ImmutableMap.java:124)
	at org.openqa.selenium.remote.RemoteWebDriver.get(RemoteWebDriver.java:277)
	at stepdefinitions.BestbuyStepDefinitions.kullanici_anasayfaya_gider(BestbuyStepDefinitions.java:14)
	at ✽.kullanici "<istenenUrl>" anasayfaya gider(file:///C:/Users/arcav/mycucumberframework/src/test/resources/features/US1004_amazon_search_senerio_outline.feature:6)
]]>
        </failure>
    </testcase>
    <testcase classname="US1004_amazon_search_senerio_outline" name="TC08_her_url'e_gitmeli_7" time="6.546">
        <failure message="null value in entry: url=null" type="java.lang.NullPointerException">
            <![CDATA[When kullanici "<istenenUrl>" anasayfaya gider..............................failed
Then "<istenenUrl>" de oldugunu test eder...................................skipped
And kullanici sayfayi kapatir...............................................skipped

StackTrace:
java.lang.NullPointerException: null value in entry: url=null
	at com.google.common.collect.CollectPreconditions.checkEntryNotNull(CollectPreconditions.java:32)
	at com.google.common.collect.SingletonImmutableBiMap.<init>(SingletonImmutableBiMap.java:42)
	at com.google.common.collect.ImmutableBiMap.of(ImmutableBiMap.java:72)
	at com.google.common.collect.ImmutableMap.of(ImmutableMap.java:124)
	at org.openqa.selenium.remote.RemoteWebDriver.get(RemoteWebDriver.java:277)
	at stepdefinitions.BestbuyStepDefinitions.kullanici_anasayfaya_gider(BestbuyStepDefinitions.java:14)
	at ✽.kullanici "<istenenUrl>" anasayfaya gider(file:///C:/Users/arcav/mycucumberframework/src/test/resources/features/US1004_amazon_search_senerio_outline.feature:6)
]]>
        </failure>
    </testcase>
    <testcase classname="Us1003_amazon_search_paremetreli" name="TC05_paremetre_kullanimi" time="20.1">
        <failure message="no such element: Unable to locate element: {&quot;method&quot;:&quot;xpath&quot;,&quot;selector&quot;:&quot;//div[@class='a-section a-spacing-small a-spacing-top-small']&quot;}&#10;  (Session info: chrome=87.0.4280.88)&#10;For documentation on this error, please visit: https://www.seleniumhq.org/exceptions/no_such_element.html&#10;Build info: version: '3.141.59', revision: 'e82be7d358', time: '2018-11-14T08:17:03'&#10;System info: host: 'DESKTOP-L75TU9U', ip: '192.168.0.16', os.name: 'Windows 10', os.arch: 'amd64', os.version: '10.0', java.version: '11.0.8'&#10;Driver info: org.openqa.selenium.chrome.ChromeDriver&#10;Capabilities {acceptInsecureCerts: false, browserName: chrome, browserVersion: 87.0.4280.88, chrome: {chromedriverVersion: 87.0.4280.88 (89e2380a3e36c..., userDataDir: C:\Users\arcav\AppData\Loca...}, goog:chromeOptions: {debuggerAddress: localhost:56258}, javascriptEnabled: true, networkConnectionEnabled: false, pageLoadStrategy: normal, platform: WINDOWS, platformName: WINDOWS, proxy: Proxy(), setWindowRect: true, strictFileInteractability: false, timeouts: {implicit: 0, pageLoad: 300000, script: 30000}, unhandledPromptBehavior: dismiss and notify, webauthn:virtualAuthenticators: true}&#10;Session ID: 35fa96e249420cff26179c96382fc50e&#10;*** Element info: {Using=xpath, value=//div[@class='a-section a-spacing-small a-spacing-top-small']}" type="org.openqa.selenium.NoSuchElementException">
            <![CDATA[When kullanici amazon anasayfaya gider......................................passed
And "teapot" icin arma yapar................................................passed
Then sonucun "teapot" icerdigini test eder..................................failed
And kullanici sayfayi kapar.................................................skipped

StackTrace:
org.openqa.selenium.NoSuchElementException: no such element: Unable to locate element: {"method":"xpath","selector":"//div[@class='a-section a-spacing-small a-spacing-top-small']"}
  (Session info: chrome=87.0.4280.88)
For documentation on this error, please visit: https://www.seleniumhq.org/exceptions/no_such_element.html
Build info: version: '3.141.59', revision: 'e82be7d358', time: '2018-11-14T08:17:03'
System info: host: 'DESKTOP-L75TU9U', ip: '192.168.0.16', os.name: 'Windows 10', os.arch: 'amd64', os.version: '10.0', java.version: '11.0.8'
Driver info: org.openqa.selenium.chrome.ChromeDriver
Capabilities {acceptInsecureCerts: false, browserName: chrome, browserVersion: 87.0.4280.88, chrome: {chromedriverVersion: 87.0.4280.88 (89e2380a3e36c..., userDataDir: C:\Users\arcav\AppData\Loca...}, goog:chromeOptions: {debuggerAddress: localhost:56258}, javascriptEnabled: true, networkConnectionEnabled: false, pageLoadStrategy: normal, platform: WINDOWS, platformName: WINDOWS, proxy: Proxy(), setWindowRect: true, strictFileInteractability: false, timeouts: {implicit: 0, pageLoad: 300000, script: 30000}, unhandledPromptBehavior: dismiss and notify, webauthn:virtualAuthenticators: true}
Session ID: 35fa96e249420cff26179c96382fc50e
*** Element info: {Using=xpath, value=//div[@class='a-section a-spacing-small a-spacing-top-small']}
	at java.base/jdk.internal.reflect.NativeConstructorAccessorImpl.newInstance0(Native Method)
	at java.base/jdk.internal.reflect.NativeConstructorAccessorImpl.newInstance(NativeConstructorAccessorImpl.java:62)
	at java.base/jdk.internal.reflect.DelegatingConstructorAccessorImpl.newInstance(DelegatingConstructorAccessorImpl.java:45)
	at java.base/java.lang.reflect.Constructor.newInstance(Constructor.java:490)
	at org.openqa.selenium.remote.http.W3CHttpResponseCodec.createException(W3CHttpResponseCodec.java:187)
	at org.openqa.selenium.remote.http.W3CHttpResponseCodec.decode(W3CHttpResponseCodec.java:122)
	at org.openqa.selenium.remote.http.W3CHttpResponseCodec.decode(W3CHttpResponseCodec.java:49)
	at org.openqa.selenium.remote.HttpCommandExecutor.execute(HttpCommandExecutor.java:158)
	at org.openqa.selenium.remote.service.DriverCommandExecutor.execute(DriverCommandExecutor.java:83)
	at org.openqa.selenium.remote.RemoteWebDriver.execute(RemoteWebDriver.java:552)
	at org.openqa.selenium.remote.RemoteWebDriver.findElement(RemoteWebDriver.java:323)
	at org.openqa.selenium.remote.RemoteWebDriver.findElementByXPath(RemoteWebDriver.java:428)
	at org.openqa.selenium.By$ByXPath.findElement(By.java:353)
	at org.openqa.selenium.remote.RemoteWebDriver.findElement(RemoteWebDriver.java:315)
	at org.openqa.selenium.support.pagefactory.DefaultElementLocator.findElement(DefaultElementLocator.java:69)
	at org.openqa.selenium.support.pagefactory.internal.LocatingElementHandler.invoke(LocatingElementHandler.java:38)
	at com.sun.proxy.$Proxy20.getText(Unknown Source)
	at stepdefinitions.AmazonStepDefinitions.sonucunIcerdiginiTestEder(AmazonStepDefinitions.java:54)
	at ✽.sonucun "teapot" icerdigini test eder(file:///C:/Users/arcav/mycucumberframework/src/test/resources/features/Us1003_amazon_search_paremetreli.feature:7)
]]>
        </failure>
    </testcase>
    <testcase classname="US1002_amazon_search_background" name="TC02_amazon_iphone_arama_testi" time="18.535">
        <system-out>
            <![CDATA[Given kullanici amazon anasayfaya gider.....................................passed
And iphone icin arama yapar.................................................passed
Then sonucun iphone icerdigini test eder....................................passed
And kullanici sayfayi kapatir...............................................passed
]]>
        </system-out>
    </testcase>
    <testcase classname="US1002_amazon_search_background" name="TC03_amazon_teapot_arama_testi" time="21.065">
        <system-out>
            <![CDATA[Given kullanici amazon anasayfaya gider.....................................passed
And teapot icin arama yapar.................................................passed
Then sonucun teapot icerdigini test eder....................................passed
And kullanici sayfayi kapatir...............................................passed
]]>
        </system-out>
    </testcase>
    <testcase classname="US1002_amazon_search_background" name="TC04_amazon_flower_arama_testi" time="18.27">
        <system-out>
            <![CDATA[Given kullanici amazon anasayfaya gider.....................................passed
And flower icin arama yapar.................................................passed
Then sonucun flower icerdigini test eder....................................passed
And kullanici sayfayi kapatir...............................................passed
]]>
        </system-out>
    </testcase>
    <testcase classname="US1001 amazon page search" name="TC01 amazon arama testi" time="27.74">
        <system-out>
            <![CDATA[Given kullanici amazon anasayfaya gider.....................................passed
And iphone icin arama yapar.................................................passed
Then sonucun iphone icerdigini test eder....................................passed
Given kullanici amazon anasayfaya gider.....................................passed
And teapot icin arama yapar.................................................passed
Then sonucun teapot icerdigini test eder....................................passed
Given kullanici amazon anasayfaya gider.....................................passed
And flower icin arama yapar.................................................passed
Then sonucun flower icerdigini test eder....................................passed
And kullanici sayfayi kapatir...............................................passed
]]>
        </system-out>
    </testcase>
</testsuite>
