<?xml version="1.0" encoding="UTF-8" standalone="no"?>
<testsuite errors="0" failures="5" name="io.cucumber.core.plugin.JUnitFormatter" skipped="0" tests="11" time="229.247">
    <testcase classname="US1005_Walmart_parametre_arama" name="TC07_aranan_kelime_title’da_olmali" time="26.011">
        <system-out>
            <![CDATA[When kullanici walmart ana sayfaya gider....................................passed
Then walmart sayfasinda "Nutella" icin arama yapar..........................passed
Then walmart sayfa basliginin "Nutella" icerdigini test eder................passed
And kullanici sayfayi kapatir...............................................passed
]]>
        </system-out>
    </testcase>
    <testcase classname="US1005_Walmart_parametre_arama" name="TC07_aranan_kelime_title’da_olmali_2" time="26.05">
        <system-out>
            <![CDATA[When kullanici walmart ana sayfaya gider....................................passed
Then walmart sayfasinda "pencil" icin arama yapar...........................passed
Then walmart sayfa basliginin "pencil" icerdigini test eder.................passed
And kullanici sayfayi kapatir...............................................passed
]]>
        </system-out>
    </testcase>
    <testcase classname="US1005_Walmart_parametre_arama" name="TC07_aranan_kelime_title’da_olmali_3" time="24.022">
        <system-out>
            <![CDATA[When kullanici walmart ana sayfaya gider....................................passed
Then walmart sayfasinda "tomatoes" icin arama yapar.........................passed
Then walmart sayfa basliginin "tomatoes" icerdigini test eder...............passed
And kullanici sayfayi kapatir...............................................passed
]]>
        </system-out>
    </testcase>
    <testcase classname="US1005_Walmart_parametre_arama" name="TC07_aranan_kelime_title’da_olmali_4" time="25.673">
        <system-out>
            <![CDATA[When kullanici walmart ana sayfaya gider....................................passed
Then walmart sayfasinda "popcorn" icin arama yapar..........................passed
Then walmart sayfa basliginin "popcorn" icerdigini test eder................passed
And kullanici sayfayi kapatir...............................................passed
]]>
        </system-out>
    </testcase>
    <testcase classname="US1006_Dinamik_url_test" name="TC08_her_url'e_gitmeli" time="16.298">
        <system-out>
            <![CDATA[When kullanici "amazon_url" anasayfaya gider................................passed
Then "amazon_url" de oldugunu test eder.....................................passed
And kullanici sayfayi kapatir...............................................passed
]]>
        </system-out>
    </testcase>
    <testcase classname="US1006_Dinamik_url_test" name="TC08_her_url'e_gitmeli_2" time="14.167">
        <system-out>
            <![CDATA[When kullanici "bestbuy_url" anasayfaya gider...............................passed
Then "bestbuy_url" de oldugunu test eder....................................passed
And kullanici sayfayi kapatir...............................................passed
]]>
        </system-out>
    </testcase>
    <testcase classname="US1007_kullanici_data_ekleyebilmeli" name="TC09_5_farkli kisi_ile_farkli_kombinasyonlari_calismali" time="19.701">
        <failure message="no such element: Unable to locate element: {&quot;method&quot;:&quot;xpath&quot;,&quot;selector&quot;:&quot;(//td[@class='sorting_1'])[1]&quot;}&#10;  (Session info: chrome=87.0.4280.88)&#10;For documentation on this error, please visit: https://www.seleniumhq.org/exceptions/no_such_element.html&#10;Build info: version: '3.141.59', revision: 'e82be7d358', time: '2018-11-14T08:17:03'&#10;System info: host: 'DESKTOP-L75TU9U', ip: '192.168.0.16', os.name: 'Windows 10', os.arch: 'amd64', os.version: '10.0', java.version: '11.0.8'&#10;Driver info: org.openqa.selenium.chrome.ChromeDriver&#10;Capabilities {acceptInsecureCerts: false, browserName: chrome, browserVersion: 87.0.4280.88, chrome: {chromedriverVersion: 87.0.4280.88 (89e2380a3e36c..., userDataDir: C:\Users\arcav\AppData\Loca...}, goog:chromeOptions: {debuggerAddress: localhost:56639}, javascriptEnabled: true, networkConnectionEnabled: false, pageLoadStrategy: normal, platform: WINDOWS, platformName: WINDOWS, proxy: Proxy(), setWindowRect: true, strictFileInteractability: false, timeouts: {implicit: 0, pageLoad: 300000, script: 30000}, unhandledPromptBehavior: dismiss and notify, webauthn:virtualAuthenticators: true}&#10;Session ID: daff8119ded63b172c1c86a33f0a5cb9&#10;*** Element info: {Using=xpath, value=(//td[@class='sorting_1'])[1]}" type="org.openqa.selenium.NoSuchElementException">
            <![CDATA[When kullanici "datatable_url" anasayfaya gider.............................passed
Then new butonuna basar.....................................................passed
And first name girer "mehmet"...............................................passed
And Last name girer "bulut".................................................passed
And Position girer "teacher"................................................passed
And Office girer "ankara"...................................................passed
And Extention girer "---"...................................................passed
And Start date girer "12-30-2020"...........................................passed
And Salary girer "1000".....................................................passed
And Create tusuna basar.....................................................passed
When kullanici "mehmet" ile arama yapar.....................................passed
Then isim bolumunde "mehmet" oldugunu dogrular..............................failed

StackTrace:
org.openqa.selenium.NoSuchElementException: no such element: Unable to locate element: {"method":"xpath","selector":"(//td[@class='sorting_1'])[1]"}
  (Session info: chrome=87.0.4280.88)
For documentation on this error, please visit: https://www.seleniumhq.org/exceptions/no_such_element.html
Build info: version: '3.141.59', revision: 'e82be7d358', time: '2018-11-14T08:17:03'
System info: host: 'DESKTOP-L75TU9U', ip: '192.168.0.16', os.name: 'Windows 10', os.arch: 'amd64', os.version: '10.0', java.version: '11.0.8'
Driver info: org.openqa.selenium.chrome.ChromeDriver
Capabilities {acceptInsecureCerts: false, browserName: chrome, browserVersion: 87.0.4280.88, chrome: {chromedriverVersion: 87.0.4280.88 (89e2380a3e36c..., userDataDir: C:\Users\arcav\AppData\Loca...}, goog:chromeOptions: {debuggerAddress: localhost:56639}, javascriptEnabled: true, networkConnectionEnabled: false, pageLoadStrategy: normal, platform: WINDOWS, platformName: WINDOWS, proxy: Proxy(), setWindowRect: true, strictFileInteractability: false, timeouts: {implicit: 0, pageLoad: 300000, script: 30000}, unhandledPromptBehavior: dismiss and notify, webauthn:virtualAuthenticators: true}
Session ID: daff8119ded63b172c1c86a33f0a5cb9
*** Element info: {Using=xpath, value=(//td[@class='sorting_1'])[1]}
	at java.base/jdk.internal.reflect.NativeConstructorAccessorImpl.newInstance0(Native Method)
	at java.base/jdk.internal.reflect.NativeConstructorAccessorImpl.newInstance(NativeConstructorAccessorImpl.java:62)
	at java.base/jdk.internal.reflect.DelegatingConstructorAccessorImpl.newInstance(DelegatingConstructorAccessorImpl.java:45)
	at java.base/java.lang.reflect.Constructor.newInstance(Constructor.java:490)
	at org.openqa.selenium.remote.http.W3CHttpResponseCodec.createException(W3CHttpResponseCodec.java:187)
	at org.openqa.selenium.remote.http.W3CHttpResponseCodec.decode(W3CHttpResponseCodec.java:122)
	at org.openqa.selenium.remote.http.W3CHttpResponseCodec.decode(W3CHttpResponseCodec.java:49)
	at org.openqa.selenium.remote.HttpCommandExecutor.execute(HttpCommandExecutor.java:158)
	at org.openqa.selenium.remote.service.DriverCommandExecutor.execute(DriverCommandExecutor.java:83)
	at org.openqa.selenium.remote.RemoteWebDriver.execute(RemoteWebDriver.java:552)
	at org.openqa.selenium.remote.RemoteWebDriver.findElement(RemoteWebDriver.java:323)
	at org.openqa.selenium.remote.RemoteWebDriver.findElementByXPath(RemoteWebDriver.java:428)
	at org.openqa.selenium.By$ByXPath.findElement(By.java:353)
	at org.openqa.selenium.remote.RemoteWebDriver.findElement(RemoteWebDriver.java:315)
	at org.openqa.selenium.support.pagefactory.DefaultElementLocator.findElement(DefaultElementLocator.java:69)
	at org.openqa.selenium.support.pagefactory.internal.LocatingElementHandler.invoke(LocatingElementHandler.java:38)
	at com.sun.proxy.$Proxy20.getText(Unknown Source)
	at stepdefinitions.DataTableStepDefinitions.isimBolumundeOldugunuDogrular(DataTableStepDefinitions.java:52)
	at ✽.isim bolumunde "mehmet" oldugunu dogrular(file:///C:/Users/arcav/mycucumberframework/src/test/resources/features/US1007_kullanici_data_ekleyebilmeli.feature:16)
]]>
        </failure>
    </testcase>
    <testcase classname="US1007_kullanici_data_ekleyebilmeli" name="TC09_5_farkli kisi_ile_farkli_kombinasyonlari_calismali 2" time="19.524">
        <failure message="no such element: Unable to locate element: {&quot;method&quot;:&quot;xpath&quot;,&quot;selector&quot;:&quot;(//td[@class='sorting_1'])[1]&quot;}&#10;  (Session info: chrome=87.0.4280.88)&#10;For documentation on this error, please visit: https://www.seleniumhq.org/exceptions/no_such_element.html&#10;Build info: version: '3.141.59', revision: 'e82be7d358', time: '2018-11-14T08:17:03'&#10;System info: host: 'DESKTOP-L75TU9U', ip: '192.168.0.16', os.name: 'Windows 10', os.arch: 'amd64', os.version: '10.0', java.version: '11.0.8'&#10;Driver info: org.openqa.selenium.chrome.ChromeDriver&#10;Capabilities {acceptInsecureCerts: false, browserName: chrome, browserVersion: 87.0.4280.88, chrome: {chromedriverVersion: 87.0.4280.88 (89e2380a3e36c..., userDataDir: C:\Users\arcav\AppData\Loca...}, goog:chromeOptions: {debuggerAddress: localhost:56722}, javascriptEnabled: true, networkConnectionEnabled: false, pageLoadStrategy: normal, platform: WINDOWS, platformName: WINDOWS, proxy: Proxy(), setWindowRect: true, strictFileInteractability: false, timeouts: {implicit: 0, pageLoad: 300000, script: 30000}, unhandledPromptBehavior: dismiss and notify, webauthn:virtualAuthenticators: true}&#10;Session ID: 80b133a21f0acde088d2bca7e67a46f6&#10;*** Element info: {Using=xpath, value=(//td[@class='sorting_1'])[1]}" type="org.openqa.selenium.NoSuchElementException">
            <![CDATA[When kullanici "datatable_url" anasayfaya gider.............................passed
Then new butonuna basar.....................................................passed
And first name girer "yasin"................................................passed
And Last name girer "kaya"..................................................passed
And Position girer "manager"................................................passed
And Office girer "ankara"...................................................passed
And Extention girer "--"....................................................passed
And Start date girer "12-12-2020"...........................................passed
And Salary girer "10000"....................................................passed
And Create tusuna basar.....................................................passed
When kullanici "yasin" ile arama yapar......................................passed
Then isim bolumunde "yasin" oldugunu dogrular...............................failed

StackTrace:
org.openqa.selenium.NoSuchElementException: no such element: Unable to locate element: {"method":"xpath","selector":"(//td[@class='sorting_1'])[1]"}
  (Session info: chrome=87.0.4280.88)
For documentation on this error, please visit: https://www.seleniumhq.org/exceptions/no_such_element.html
Build info: version: '3.141.59', revision: 'e82be7d358', time: '2018-11-14T08:17:03'
System info: host: 'DESKTOP-L75TU9U', ip: '192.168.0.16', os.name: 'Windows 10', os.arch: 'amd64', os.version: '10.0', java.version: '11.0.8'
Driver info: org.openqa.selenium.chrome.ChromeDriver
Capabilities {acceptInsecureCerts: false, browserName: chrome, browserVersion: 87.0.4280.88, chrome: {chromedriverVersion: 87.0.4280.88 (89e2380a3e36c..., userDataDir: C:\Users\arcav\AppData\Loca...}, goog:chromeOptions: {debuggerAddress: localhost:56722}, javascriptEnabled: true, networkConnectionEnabled: false, pageLoadStrategy: normal, platform: WINDOWS, platformName: WINDOWS, proxy: Proxy(), setWindowRect: true, strictFileInteractability: false, timeouts: {implicit: 0, pageLoad: 300000, script: 30000}, unhandledPromptBehavior: dismiss and notify, webauthn:virtualAuthenticators: true}
Session ID: 80b133a21f0acde088d2bca7e67a46f6
*** Element info: {Using=xpath, value=(//td[@class='sorting_1'])[1]}
	at java.base/jdk.internal.reflect.NativeConstructorAccessorImpl.newInstance0(Native Method)
	at java.base/jdk.internal.reflect.NativeConstructorAccessorImpl.newInstance(NativeConstructorAccessorImpl.java:62)
	at java.base/jdk.internal.reflect.DelegatingConstructorAccessorImpl.newInstance(DelegatingConstructorAccessorImpl.java:45)
	at java.base/java.lang.reflect.Constructor.newInstance(Constructor.java:490)
	at org.openqa.selenium.remote.http.W3CHttpResponseCodec.createException(W3CHttpResponseCodec.java:187)
	at org.openqa.selenium.remote.http.W3CHttpResponseCodec.decode(W3CHttpResponseCodec.java:122)
	at org.openqa.selenium.remote.http.W3CHttpResponseCodec.decode(W3CHttpResponseCodec.java:49)
	at org.openqa.selenium.remote.HttpCommandExecutor.execute(HttpCommandExecutor.java:158)
	at org.openqa.selenium.remote.service.DriverCommandExecutor.execute(DriverCommandExecutor.java:83)
	at org.openqa.selenium.remote.RemoteWebDriver.execute(RemoteWebDriver.java:552)
	at org.openqa.selenium.remote.RemoteWebDriver.findElement(RemoteWebDriver.java:323)
	at org.openqa.selenium.remote.RemoteWebDriver.findElementByXPath(RemoteWebDriver.java:428)
	at org.openqa.selenium.By$ByXPath.findElement(By.java:353)
	at org.openqa.selenium.remote.RemoteWebDriver.findElement(RemoteWebDriver.java:315)
	at org.openqa.selenium.support.pagefactory.DefaultElementLocator.findElement(DefaultElementLocator.java:69)
	at org.openqa.selenium.support.pagefactory.internal.LocatingElementHandler.invoke(LocatingElementHandler.java:38)
	at com.sun.proxy.$Proxy20.getText(Unknown Source)
	at stepdefinitions.DataTableStepDefinitions.isimBolumundeOldugunuDogrular(DataTableStepDefinitions.java:52)
	at ✽.isim bolumunde "yasin" oldugunu dogrular(file:///C:/Users/arcav/mycucumberframework/src/test/resources/features/US1007_kullanici_data_ekleyebilmeli.feature:16)
]]>
        </failure>
    </testcase>
    <testcase classname="US1007_kullanici_data_ekleyebilmeli" name="TC09_5_farkli kisi_ile_farkli_kombinasyonlari_calismali 3" time="19.228">
        <failure message="no such element: Unable to locate element: {&quot;method&quot;:&quot;xpath&quot;,&quot;selector&quot;:&quot;(//td[@class='sorting_1'])[1]&quot;}&#10;  (Session info: chrome=87.0.4280.88)&#10;For documentation on this error, please visit: https://www.seleniumhq.org/exceptions/no_such_element.html&#10;Build info: version: '3.141.59', revision: 'e82be7d358', time: '2018-11-14T08:17:03'&#10;System info: host: 'DESKTOP-L75TU9U', ip: '192.168.0.16', os.name: 'Windows 10', os.arch: 'amd64', os.version: '10.0', java.version: '11.0.8'&#10;Driver info: org.openqa.selenium.chrome.ChromeDriver&#10;Capabilities {acceptInsecureCerts: false, browserName: chrome, browserVersion: 87.0.4280.88, chrome: {chromedriverVersion: 87.0.4280.88 (89e2380a3e36c..., userDataDir: C:\Users\arcav\AppData\Loca...}, goog:chromeOptions: {debuggerAddress: localhost:56796}, javascriptEnabled: true, networkConnectionEnabled: false, pageLoadStrategy: normal, platform: WINDOWS, platformName: WINDOWS, proxy: Proxy(), setWindowRect: true, strictFileInteractability: false, timeouts: {implicit: 0, pageLoad: 300000, script: 30000}, unhandledPromptBehavior: dismiss and notify, webauthn:virtualAuthenticators: true}&#10;Session ID: b1d417ecca5a28191a3784a3daa68a63&#10;*** Element info: {Using=xpath, value=(//td[@class='sorting_1'])[1]}" type="org.openqa.selenium.NoSuchElementException">
            <![CDATA[When kullanici "datatable_url" anasayfaya gider.............................passed
Then new butonuna basar.....................................................passed
And first name girer "cevat"................................................passed
And Last name girer "fehmi".................................................passed
And Position girer "tester".................................................passed
And Office girer "istanbul".................................................passed
And Extention girer "Dr"....................................................passed
And Start date girer "11/10/2020"...........................................passed
And Salary girer "12500000".................................................passed
And Create tusuna basar.....................................................passed
When kullanici "cevat" ile arama yapar......................................passed
Then isim bolumunde "cevat" oldugunu dogrular...............................failed

StackTrace:
org.openqa.selenium.NoSuchElementException: no such element: Unable to locate element: {"method":"xpath","selector":"(//td[@class='sorting_1'])[1]"}
  (Session info: chrome=87.0.4280.88)
For documentation on this error, please visit: https://www.seleniumhq.org/exceptions/no_such_element.html
Build info: version: '3.141.59', revision: 'e82be7d358', time: '2018-11-14T08:17:03'
System info: host: 'DESKTOP-L75TU9U', ip: '192.168.0.16', os.name: 'Windows 10', os.arch: 'amd64', os.version: '10.0', java.version: '11.0.8'
Driver info: org.openqa.selenium.chrome.ChromeDriver
Capabilities {acceptInsecureCerts: false, browserName: chrome, browserVersion: 87.0.4280.88, chrome: {chromedriverVersion: 87.0.4280.88 (89e2380a3e36c..., userDataDir: C:\Users\arcav\AppData\Loca...}, goog:chromeOptions: {debuggerAddress: localhost:56796}, javascriptEnabled: true, networkConnectionEnabled: false, pageLoadStrategy: normal, platform: WINDOWS, platformName: WINDOWS, proxy: Proxy(), setWindowRect: true, strictFileInteractability: false, timeouts: {implicit: 0, pageLoad: 300000, script: 30000}, unhandledPromptBehavior: dismiss and notify, webauthn:virtualAuthenticators: true}
Session ID: b1d417ecca5a28191a3784a3daa68a63
*** Element info: {Using=xpath, value=(//td[@class='sorting_1'])[1]}
	at java.base/jdk.internal.reflect.NativeConstructorAccessorImpl.newInstance0(Native Method)
	at java.base/jdk.internal.reflect.NativeConstructorAccessorImpl.newInstance(NativeConstructorAccessorImpl.java:62)
	at java.base/jdk.internal.reflect.DelegatingConstructorAccessorImpl.newInstance(DelegatingConstructorAccessorImpl.java:45)
	at java.base/java.lang.reflect.Constructor.newInstance(Constructor.java:490)
	at org.openqa.selenium.remote.http.W3CHttpResponseCodec.createException(W3CHttpResponseCodec.java:187)
	at org.openqa.selenium.remote.http.W3CHttpResponseCodec.decode(W3CHttpResponseCodec.java:122)
	at org.openqa.selenium.remote.http.W3CHttpResponseCodec.decode(W3CHttpResponseCodec.java:49)
	at org.openqa.selenium.remote.HttpCommandExecutor.execute(HttpCommandExecutor.java:158)
	at org.openqa.selenium.remote.service.DriverCommandExecutor.execute(DriverCommandExecutor.java:83)
	at org.openqa.selenium.remote.RemoteWebDriver.execute(RemoteWebDriver.java:552)
	at org.openqa.selenium.remote.RemoteWebDriver.findElement(RemoteWebDriver.java:323)
	at org.openqa.selenium.remote.RemoteWebDriver.findElementByXPath(RemoteWebDriver.java:428)
	at org.openqa.selenium.By$ByXPath.findElement(By.java:353)
	at org.openqa.selenium.remote.RemoteWebDriver.findElement(RemoteWebDriver.java:315)
	at org.openqa.selenium.support.pagefactory.DefaultElementLocator.findElement(DefaultElementLocator.java:69)
	at org.openqa.selenium.support.pagefactory.internal.LocatingElementHandler.invoke(LocatingElementHandler.java:38)
	at com.sun.proxy.$Proxy20.getText(Unknown Source)
	at stepdefinitions.DataTableStepDefinitions.isimBolumundeOldugunuDogrular(DataTableStepDefinitions.java:52)
	at ✽.isim bolumunde "cevat" oldugunu dogrular(file:///C:/Users/arcav/mycucumberframework/src/test/resources/features/US1007_kullanici_data_ekleyebilmeli.feature:16)
]]>
        </failure>
    </testcase>
    <testcase classname="US1007_kullanici_data_ekleyebilmeli" name="TC09_5_farkli kisi_ile_farkli_kombinasyonlari_calismali 4" time="18.887">
        <failure message="no such element: Unable to locate element: {&quot;method&quot;:&quot;xpath&quot;,&quot;selector&quot;:&quot;(//td[@class='sorting_1'])[1]&quot;}&#10;  (Session info: chrome=87.0.4280.88)&#10;For documentation on this error, please visit: https://www.seleniumhq.org/exceptions/no_such_element.html&#10;Build info: version: '3.141.59', revision: 'e82be7d358', time: '2018-11-14T08:17:03'&#10;System info: host: 'DESKTOP-L75TU9U', ip: '192.168.0.16', os.name: 'Windows 10', os.arch: 'amd64', os.version: '10.0', java.version: '11.0.8'&#10;Driver info: org.openqa.selenium.chrome.ChromeDriver&#10;Capabilities {acceptInsecureCerts: false, browserName: chrome, browserVersion: 87.0.4280.88, chrome: {chromedriverVersion: 87.0.4280.88 (89e2380a3e36c..., userDataDir: C:\Users\arcav\AppData\Loca...}, goog:chromeOptions: {debuggerAddress: localhost:56831}, javascriptEnabled: true, networkConnectionEnabled: false, pageLoadStrategy: normal, platform: WINDOWS, platformName: WINDOWS, proxy: Proxy(), setWindowRect: true, strictFileInteractability: false, timeouts: {implicit: 0, pageLoad: 300000, script: 30000}, unhandledPromptBehavior: dismiss and notify, webauthn:virtualAuthenticators: true}&#10;Session ID: b65931498f1155be787b8e4707b8779c&#10;*** Element info: {Using=xpath, value=(//td[@class='sorting_1'])[1]}" type="org.openqa.selenium.NoSuchElementException">
            <![CDATA[When kullanici "datatable_url" anasayfaya gider.............................passed
Then new butonuna basar.....................................................passed
And first name girer "adnan"................................................passed
And Last name girer "calis".................................................passed
And Position girer "QA lead"................................................passed
And Office girer "berlin"...................................................passed
And Extention girer "Master"................................................passed
And Start date girer "10-10-2020"...........................................passed
And Salary girer "-25000"...................................................passed
And Create tusuna basar.....................................................passed
When kullanici "adnan" ile arama yapar......................................passed
Then isim bolumunde "adnan" oldugunu dogrular...............................failed

StackTrace:
org.openqa.selenium.NoSuchElementException: no such element: Unable to locate element: {"method":"xpath","selector":"(//td[@class='sorting_1'])[1]"}
  (Session info: chrome=87.0.4280.88)
For documentation on this error, please visit: https://www.seleniumhq.org/exceptions/no_such_element.html
Build info: version: '3.141.59', revision: 'e82be7d358', time: '2018-11-14T08:17:03'
System info: host: 'DESKTOP-L75TU9U', ip: '192.168.0.16', os.name: 'Windows 10', os.arch: 'amd64', os.version: '10.0', java.version: '11.0.8'
Driver info: org.openqa.selenium.chrome.ChromeDriver
Capabilities {acceptInsecureCerts: false, browserName: chrome, browserVersion: 87.0.4280.88, chrome: {chromedriverVersion: 87.0.4280.88 (89e2380a3e36c..., userDataDir: C:\Users\arcav\AppData\Loca...}, goog:chromeOptions: {debuggerAddress: localhost:56831}, javascriptEnabled: true, networkConnectionEnabled: false, pageLoadStrategy: normal, platform: WINDOWS, platformName: WINDOWS, proxy: Proxy(), setWindowRect: true, strictFileInteractability: false, timeouts: {implicit: 0, pageLoad: 300000, script: 30000}, unhandledPromptBehavior: dismiss and notify, webauthn:virtualAuthenticators: true}
Session ID: b65931498f1155be787b8e4707b8779c
*** Element info: {Using=xpath, value=(//td[@class='sorting_1'])[1]}
	at java.base/jdk.internal.reflect.NativeConstructorAccessorImpl.newInstance0(Native Method)
	at java.base/jdk.internal.reflect.NativeConstructorAccessorImpl.newInstance(NativeConstructorAccessorImpl.java:62)
	at java.base/jdk.internal.reflect.DelegatingConstructorAccessorImpl.newInstance(DelegatingConstructorAccessorImpl.java:45)
	at java.base/java.lang.reflect.Constructor.newInstance(Constructor.java:490)
	at org.openqa.selenium.remote.http.W3CHttpResponseCodec.createException(W3CHttpResponseCodec.java:187)
	at org.openqa.selenium.remote.http.W3CHttpResponseCodec.decode(W3CHttpResponseCodec.java:122)
	at org.openqa.selenium.remote.http.W3CHttpResponseCodec.decode(W3CHttpResponseCodec.java:49)
	at org.openqa.selenium.remote.HttpCommandExecutor.execute(HttpCommandExecutor.java:158)
	at org.openqa.selenium.remote.service.DriverCommandExecutor.execute(DriverCommandExecutor.java:83)
	at org.openqa.selenium.remote.RemoteWebDriver.execute(RemoteWebDriver.java:552)
	at org.openqa.selenium.remote.RemoteWebDriver.findElement(RemoteWebDriver.java:323)
	at org.openqa.selenium.remote.RemoteWebDriver.findElementByXPath(RemoteWebDriver.java:428)
	at org.openqa.selenium.By$ByXPath.findElement(By.java:353)
	at org.openqa.selenium.remote.RemoteWebDriver.findElement(RemoteWebDriver.java:315)
	at org.openqa.selenium.support.pagefactory.DefaultElementLocator.findElement(DefaultElementLocator.java:69)
	at org.openqa.selenium.support.pagefactory.internal.LocatingElementHandler.invoke(LocatingElementHandler.java:38)
	at com.sun.proxy.$Proxy20.getText(Unknown Source)
	at stepdefinitions.DataTableStepDefinitions.isimBolumundeOldugunuDogrular(DataTableStepDefinitions.java:52)
	at ✽.isim bolumunde "adnan" oldugunu dogrular(file:///C:/Users/arcav/mycucumberframework/src/test/resources/features/US1007_kullanici_data_ekleyebilmeli.feature:16)
]]>
        </failure>
    </testcase>
    <testcase classname="US1007_kullanici_data_ekleyebilmeli" name="TC09_5_farkli kisi_ile_farkli_kombinasyonlari_calismali 5" time="19.04">
        <failure message="no such element: Unable to locate element: {&quot;method&quot;:&quot;xpath&quot;,&quot;selector&quot;:&quot;(//td[@class='sorting_1'])[1]&quot;}&#10;  (Session info: chrome=87.0.4280.88)&#10;For documentation on this error, please visit: https://www.seleniumhq.org/exceptions/no_such_element.html&#10;Build info: version: '3.141.59', revision: 'e82be7d358', time: '2018-11-14T08:17:03'&#10;System info: host: 'DESKTOP-L75TU9U', ip: '192.168.0.16', os.name: 'Windows 10', os.arch: 'amd64', os.version: '10.0', java.version: '11.0.8'&#10;Driver info: org.openqa.selenium.chrome.ChromeDriver&#10;Capabilities {acceptInsecureCerts: false, browserName: chrome, browserVersion: 87.0.4280.88, chrome: {chromedriverVersion: 87.0.4280.88 (89e2380a3e36c..., userDataDir: C:\Users\arcav\AppData\Loca...}, goog:chromeOptions: {debuggerAddress: localhost:56850}, javascriptEnabled: true, networkConnectionEnabled: false, pageLoadStrategy: normal, platform: WINDOWS, platformName: WINDOWS, proxy: Proxy(), setWindowRect: true, strictFileInteractability: false, timeouts: {implicit: 0, pageLoad: 300000, script: 30000}, unhandledPromptBehavior: dismiss and notify, webauthn:virtualAuthenticators: true}&#10;Session ID: 4b4a5ad6a9447820b621d5c69dbc9212&#10;*** Element info: {Using=xpath, value=(//td[@class='sorting_1'])[1]}" type="org.openqa.selenium.NoSuchElementException">
            <![CDATA[When kullanici "datatable_url" anasayfaya gider.............................passed
Then new butonuna basar.....................................................passed
And first name girer "selin"................................................passed
And Last name girer "gul"...................................................passed
And Position girer "Manuel tester"..........................................passed
And Office girer "munih"....................................................passed
And Extention girer "--"....................................................passed
And Start date girer "5/5/2020".............................................passed
And Salary girer "1256125"..................................................passed
And Create tusuna basar.....................................................passed
When kullanici "selin" ile arama yapar......................................passed
Then isim bolumunde "selin" oldugunu dogrular...............................failed

StackTrace:
org.openqa.selenium.NoSuchElementException: no such element: Unable to locate element: {"method":"xpath","selector":"(//td[@class='sorting_1'])[1]"}
  (Session info: chrome=87.0.4280.88)
For documentation on this error, please visit: https://www.seleniumhq.org/exceptions/no_such_element.html
Build info: version: '3.141.59', revision: 'e82be7d358', time: '2018-11-14T08:17:03'
System info: host: 'DESKTOP-L75TU9U', ip: '192.168.0.16', os.name: 'Windows 10', os.arch: 'amd64', os.version: '10.0', java.version: '11.0.8'
Driver info: org.openqa.selenium.chrome.ChromeDriver
Capabilities {acceptInsecureCerts: false, browserName: chrome, browserVersion: 87.0.4280.88, chrome: {chromedriverVersion: 87.0.4280.88 (89e2380a3e36c..., userDataDir: C:\Users\arcav\AppData\Loca...}, goog:chromeOptions: {debuggerAddress: localhost:56850}, javascriptEnabled: true, networkConnectionEnabled: false, pageLoadStrategy: normal, platform: WINDOWS, platformName: WINDOWS, proxy: Proxy(), setWindowRect: true, strictFileInteractability: false, timeouts: {implicit: 0, pageLoad: 300000, script: 30000}, unhandledPromptBehavior: dismiss and notify, webauthn:virtualAuthenticators: true}
Session ID: 4b4a5ad6a9447820b621d5c69dbc9212
*** Element info: {Using=xpath, value=(//td[@class='sorting_1'])[1]}
	at java.base/jdk.internal.reflect.NativeConstructorAccessorImpl.newInstance0(Native Method)
	at java.base/jdk.internal.reflect.NativeConstructorAccessorImpl.newInstance(NativeConstructorAccessorImpl.java:62)
	at java.base/jdk.internal.reflect.DelegatingConstructorAccessorImpl.newInstance(DelegatingConstructorAccessorImpl.java:45)
	at java.base/java.lang.reflect.Constructor.newInstance(Constructor.java:490)
	at org.openqa.selenium.remote.http.W3CHttpResponseCodec.createException(W3CHttpResponseCodec.java:187)
	at org.openqa.selenium.remote.http.W3CHttpResponseCodec.decode(W3CHttpResponseCodec.java:122)
	at org.openqa.selenium.remote.http.W3CHttpResponseCodec.decode(W3CHttpResponseCodec.java:49)
	at org.openqa.selenium.remote.HttpCommandExecutor.execute(HttpCommandExecutor.java:158)
	at org.openqa.selenium.remote.service.DriverCommandExecutor.execute(DriverCommandExecutor.java:83)
	at org.openqa.selenium.remote.RemoteWebDriver.execute(RemoteWebDriver.java:552)
	at org.openqa.selenium.remote.RemoteWebDriver.findElement(RemoteWebDriver.java:323)
	at org.openqa.selenium.remote.RemoteWebDriver.findElementByXPath(RemoteWebDriver.java:428)
	at org.openqa.selenium.By$ByXPath.findElement(By.java:353)
	at org.openqa.selenium.remote.RemoteWebDriver.findElement(RemoteWebDriver.java:315)
	at org.openqa.selenium.support.pagefactory.DefaultElementLocator.findElement(DefaultElementLocator.java:69)
	at org.openqa.selenium.support.pagefactory.internal.LocatingElementHandler.invoke(LocatingElementHandler.java:38)
	at com.sun.proxy.$Proxy20.getText(Unknown Source)
	at stepdefinitions.DataTableStepDefinitions.isimBolumundeOldugunuDogrular(DataTableStepDefinitions.java:52)
	at ✽.isim bolumunde "selin" oldugunu dogrular(file:///C:/Users/arcav/mycucumberframework/src/test/resources/features/US1007_kullanici_data_ekleyebilmeli.feature:16)
]]>
        </failure>
    </testcase>
</testsuite>
